<?xml version="1.0" encoding="UTF-8"?>
<!-- Generated by org.testng.reporters.JUnitXMLReporter -->
<testsuite ignored="1" hostname="DESKTOP-HEQJNR8" failures="0" tests="1" name="TestGoogle" time="12.535" errors="0" timestamp="2024-07-10T01:12:52 BDT">
  <testcase classname="selenium.Tests.FirstTest" name="TestGoogle" time="12.527"/>
  <testcase classname="selenium.Tests.FirstTest" name="TestFacebook" time="0.0">
    <ignored/>
  </testcase> <!-- TestFacebook -->
</testsuite> <!-- TestGoogle -->
