<?xml version="1.0" encoding="UTF-8"?>
<testng-results ignored="0" total="1" passed="1" failed="0" skipped="0">
  <reporter-output>
  </reporter-output>
  <suite started-at="2024-07-10T01:27:09 BDT" name="Default suite" finished-at="2024-07-10T01:27:20 BDT" duration-ms="10872">
    <groups>
    </groups>
    <test started-at="2024-07-10T01:27:09 BDT" name="Default test" finished-at="2024-07-10T01:27:20 BDT" duration-ms="10872">
      <class name="selenium.Tests.EcoEatsOrder">
        <test-method signature="ecoeatsOrder()[pri:0, instance:selenium.Tests.EcoEatsOrder@4c371370]" started-at="2024-07-10T01:27:09 BDT" name="ecoeatsOrder" finished-at="2024-07-10T01:27:20 BDT" duration-ms="10786" status="PASS">
          <reporter-output>
          </reporter-output>
        </test-method> <!-- ecoeatsOrder -->
      </class> <!-- selenium.Tests.EcoEatsOrder -->
    </test> <!-- Default test -->
  </suite> <!-- Default suite -->
</testng-results>
